[08:35:41] [main/INFO] (FabricLoader/GameProvider) Loading Minecraft 1.20.1 with Fabric Loader 0.16.10
[08:35:41] [main/WARN] (FabricLoader/Resolution) Warnings were found!
 - Mod 'Sodium Extra' (sodium-extra) 0.5.9+mc1.20.1 recommends version 1.4.2 or later of reeses-sodium-options, which is missing!
	 - You should install version 1.4.2 or later of reeses-sodium-options for the optimal experience.
[08:35:41] [main/INFO] (FabricLoader) Loading 74 mods:
	- entityculling 1.10.0
	   |-- transition 1.0.14
	   \-- trender 1.0.11
	- fabric-api 0.92.3+1.20.1
	- fabric-api-base 0.4.31+1802ada577
	- fabric-api-lookup-api-v1 1.6.36+1802ada577
	- fabric-biome-api-v1 13.0.13+1802ada577
	- fabric-block-api-v1 1.0.11+1802ada577
	- fabric-block-view-api-v2 1.0.1+1802ada577
	- fabric-blockrenderlayer-v1 1.1.41+1802ada577
	- fabric-client-tags-api-v1 1.1.2+1802ada577
	- fabric-command-api-v1 1.2.34+f71b366f77
	- fabric-command-api-v2 2.2.13+1802ada577
	- fabric-commands-v0 0.2.51+df3654b377
	- fabric-containers-v0 0.1.65+df3654b377
	- fabric-content-registries-v0 4.0.12+1802ada577
	- fabric-convention-tags-v1 1.5.5+1802ada577
	- fabric-crash-report-info-v1 0.2.19+1802ada577
	- fabric-data-attachment-api-v1 1.0.1+de0fd6d177
	- fabric-data-generation-api-v1 12.3.5+1802ada577
	- fabric-dimensions-v1 2.1.54+1802ada577
	- fabric-entity-events-v1 1.6.0+1c78457f77
	- fabric-events-interaction-v0 0.6.3+13a40c6677
	- fabric-events-lifecycle-v0 0.2.63+df3654b377
	- fabric-game-rule-api-v1 1.0.40+1802ada577
	- fabric-gametest-api-v1 1.2.14+1802ada577
	- fabric-item-api-v1 2.1.28+1802ada577
	- fabric-item-group-api-v1 4.0.13+1802ada577
	- fabric-key-binding-api-v1 1.0.37+1802ada577
	- fabric-keybindings-v0 0.2.35+df3654b377
	- fabric-lifecycle-events-v1 2.2.22+1802ada577
	- fabric-loot-api-v2 1.2.2+1802ada577
	- fabric-loot-tables-v1 1.1.46+9e7660c677
	- fabric-message-api-v1 5.1.9+1802ada577
	- fabric-mining-level-api-v1 2.1.51+1802ada577
	- fabric-model-loading-api-v1 1.0.3+1802ada577
	- fabric-models-v0 0.4.2+9386d8a777
	- fabric-networking-api-v1 1.3.12+13a40c6677
	- fabric-networking-v0 0.3.52+df3654b377
	- fabric-object-builder-api-v1 11.1.4+1802ada577
	- fabric-particles-v1 1.1.2+1802ada577
	- fabric-recipe-api-v1 1.0.22+1802ada577
	- fabric-registry-sync-v0 2.3.4+1802ada577
	- fabric-renderer-api-v1 3.2.1+1802ada577
	- fabric-renderer-indigo 1.5.2+85287f9f77
	- fabric-renderer-registries-v1 3.2.46+df3654b377
	- fabric-rendering-data-attachment-v1 0.3.37+92a0d36777
	- fabric-rendering-fluids-v1 3.0.28+1802ada577
	- fabric-rendering-v0 1.1.49+df3654b377
	- fabric-rendering-v1 3.0.8+1802ada577
	- fabric-resource-conditions-api-v1 2.3.8+1802ada577
	- fabric-resource-loader-v0 0.11.11+fb82e9d777
	- fabric-screen-api-v1 2.0.8+1802ada577
	- fabric-screen-handler-api-v1 1.3.31+1802ada577
	- fabric-sound-api-v1 1.0.13+1802ada577
	- fabric-transfer-api-v1 3.3.5+8dd72ea377
	- fabric-transitive-access-wideners-v1 4.3.1+1802ada577
	- fabricloader 0.16.10
	- ferritecore 6.0.1
	- iris 1.7.6+mc1.20.1
	   |-- io_github_douira_glsl-transformer 2.0.1
	   |-- org_anarres_jcpp 1.4.14
	   \-- org_antlr_antlr4-runtime 4.13.1
	- java 17
	- lithium 0.11.4
	- maxmod 1.0.0
	- minecraft 1.20.1
	- mixinextras 0.4.1
	- modernfix 5.25.2+mc1.20.1
	- skinrestorer 2.7.0+1.20-fabric
	   \-- org_mineskin_java-client 3.2.1-SNAPSHOT
	- sodium 0.5.13+mc1.20.1
	- sodium-extra 0.5.9+mc1.20.1
	   \-- caffeineconfig 1.3.0+1.17
[08:35:45] [main/INFO] (FabricLoader/Mixin) SpongePowered MIXIN Subsystem Version=0.8.7 Source=file:/C:/Users/User/.gradle/caches/modules-2/files-2.1/net.fabricmc/sponge-mixin/0.15.4+mixin.0.8.7/6a12aacc794f1078458433116e9ed42c1cc98096/sponge-mixin-0.15.4+mixin.0.8.7.jar Service=Knot/Fabric Env=CLIENT
[08:35:45] [main/INFO] (FabricLoader/Mixin) Loaded Fabric development mappings for mixin remapper!
[08:35:45] [main/INFO] (FabricLoader/Mixin) Compatibility level set to JAVA_16
[08:35:45] [main/INFO] (FabricLoader/Mixin) Compatibility level set to JAVA_17
[08:35:45] [main/INFO] (Lithium) Loaded configuration file for Lithium: 131 options available, 1 override(s) found
[08:35:45] [main/INFO] (Sodium) Loaded configuration file for Sodium: 42 options available, 3 override(s) found
[08:35:45] [main/WARN] (ModernFixConfig) We are in a non-Mojmap dev environment. Disabling blockstate cache patch
[08:35:45] [main/INFO] (ModernFix) Loaded configuration file for ModernFix 5.25.2+mc1.20.1: 71 options available, 1 override(s) found
[08:35:45] [main/WARN] (ModernFix) Option 'mixin.perf.reduce_blockstate_cache_rebuilds' overriden (by mods [[not mojmap]]) to 'false'
[08:35:45] [main/INFO] (ModernFix) Applying Nashorn fix
[08:35:45] [main/INFO] (ModernFix) Configuring Minecraft's max.bg.threads option with 9 threads
[08:35:46] [main/INFO] (Sodium Extra Config) Loaded configuration file for Sodium Extra: 35 options available, 0 override(s) found
[08:35:46] [main/WARN] (Lithium) Force-disabling mixin 'alloc.blockstate.StateMixin' as rule 'mixin.alloc.blockstate' (added by mods [ferritecore]) disables it and children
[08:35:46] [main/WARN] (Sodium) Force-disabling mixin 'features.render.entity.CuboidMixin' as rule 'mixin.features.render.entity' (added by mods [iris]) disables it and children
[08:35:46] [main/WARN] (Sodium) Force-disabling mixin 'features.render.entity.ModelPartMixin' as rule 'mixin.features.render.entity' (added by mods [iris]) disables it and children
[08:35:46] [main/WARN] (Sodium) Force-disabling mixin 'features.render.entity.cull.EntityRendererMixin' as rule 'mixin.features.render.entity' (added by mods [iris]) disables it and children
[08:35:46] [main/WARN] (Sodium) Force-disabling mixin 'features.render.entity.shadows.EntityRenderDispatcherMixin' as rule 'mixin.features.render.entity' (added by mods [iris]) disables it and children
[08:35:46] [main/WARN] (Sodium) Force-disabling mixin 'features.render.gui.font.GlyphRendererMixin' as rule 'mixin.features.render.gui.font' (added by mods [iris]) disables it and children
[08:35:46] [main/WARN] (Sodium) Force-disabling mixin 'features.render.world.sky.BackgroundRendererMixin' as rule 'mixin.features.render.world.sky' (added by mods [iris]) disables it and children
[08:35:46] [main/WARN] (Sodium) Force-disabling mixin 'features.render.world.sky.ClientWorldMixin' as rule 'mixin.features.render.world.sky' (added by mods [iris]) disables it and children
[08:35:46] [main/WARN] (Sodium) Force-disabling mixin 'features.render.world.sky.WorldRendererMixin' as rule 'mixin.features.render.world.sky' (added by mods [iris]) disables it and children
[08:35:46] [main/INFO] (Sodium-GraphicsAdapterProbe) Searching for graphics cards...
[08:35:46] [main/INFO] (Sodium-GraphicsAdapterProbe) Found graphics adapter: AdapterInfo{vendor=AMD, description='AMD Radeon RX 7600', adapterType=0x0000230B, openglIcdFilePath='C:\Windows\System32\DriverStore\FileRepository\u0198975.inf_amd64_cab3843582148687\B025836\atig6pxx.dll', openglIcdVersion=32.0.23033.1002}
[08:35:46] [main/INFO] (FabricLoader/MixinExtras|Service) Initializing MixinExtras via com.llamalad7.mixinextras.service.MixinExtrasServiceImpl(version=0.4.1).
[08:35:47] [main/WARN] (PerfmonDisabled) Invalid registry value type detected for PerfOS counters. Should be REG_DWORD. Ignoring: HKEY_LOCAL_MACHINE\SYSTEM\CurrentControlSet\Services\PerfOS\Performance\Disable Performance Counters.
[08:35:50] [main/WARN] (FabricLoader/Mixin) Method overwrite conflict for getTemperature in modernfix-common.mixins.json:perf.remove_biome_temperature_cache.BiomeMixin from mod modernfix, previously written by me.jellysquid.mods.lithium.mixin.world.temperature_cache.BiomeMixin. Skipping method.
[08:35:51] [main/INFO] (Minecraft) Vanilla bootstrap took 3244 milliseconds
[08:35:51] [Render thread/INFO] (Minecraft) Environment: authHost='https://authserver.mojang.com', accountsHost='https://api.mojang.com', sessionHost='https://sessionserver.mojang.com', servicesHost='https://api.minecraftservices.com', name='PROD'
[08:35:51] [Render thread/INFO] (Minecraft) Setting user: BEPMAKC1
[08:35:51] [Render thread/INFO] (ModernFix) Bypassed Mojang DFU
[08:35:51] [Render thread/INFO] (Indigo) [Indigo] Different rendering plugin detected; not applying Indigo.
[08:35:51] [Render thread/INFO] (Minecraft) [STDOUT]: [LibGui] Initializing Client...
[08:35:51] [ForkJoinPool.commonPool-worker-1/WARN] (Iris) [Iris Update Check] Cached update file detected, using that!
[08:35:52] [Render thread/INFO] (Minecraft) Backend library: LWJGL version 3.3.1 SNAPSHOT
[08:35:52] [Render thread/INFO] (Minecraft) OpenGL Vendor: ATI Technologies Inc.
[08:35:52] [Render thread/INFO] (Minecraft) OpenGL Renderer: AMD Radeon RX 7600
[08:35:52] [Render thread/INFO] (Minecraft) OpenGL Version: 3.2.0 Core Profile Context 26.3.1.260309
[08:35:52] [Render thread/INFO] (Iris) Debug functionality is disabled.
[08:35:52] [Render thread/INFO] (Iris) ARB_direct_state_access detected, enabling DSA.
[08:35:52] [Render thread/WARN] (Iris) Invalid pack option: GTAO
[08:35:52] [Render thread/WARN] (Iris) Invalid pack option: GTAO
[08:35:52] [Render thread/WARN] (Iris) Unable to resolve shader pack option menu element "WATER_REFRACTION" defined in shaders.properties
[08:35:52] [Render thread/WARN] (Iris) Unable to resolve shader pack option menu element "WATER_REFRACTION_INTENSITY" defined in shaders.properties
[08:35:52] [Render thread/WARN] (Iris) Unable to resolve shader pack option menu element "CLOUDS_DAILY_WEATHER" defined in shaders.properties
[08:35:52] [Render thread/WARN] (Iris) Unable to resolve shader pack option menu element "CLOUDS_CUMULUS_CONGESTUS_PRIMARY_STEPS_H" defined in shaders.properties
[08:35:52] [Render thread/WARN] (Iris) Unable to resolve shader pack option menu element "CLOUDS_CUMULUS_CONGESTUS_PRIMARY_STEPS_Z" defined in shaders.properties
[08:35:52] [Render thread/INFO] (Iris) Profile: medium (+0 options changed by user)
